<?xml version="1.0" encoding="UTF-8"?>
<!-- Generated by org.testng.reporters.JUnitReportReporter -->
<testsuite hostname="Ibrahims-Air.lan" failures="0" tests="1" name="TestRunner" time="10.795" errors="0" timestamp="2023-03-13T17:17:38 GMT-04:00" skipped="0">
  <testcase classname="TestRunner" name="runScenario" time="10.795"/>
  <system-out/>
</testsuite> <!-- TestRunner -->
